\BOOKMARK [1][-]{section.1}{Introduction}{}% 1
\BOOKMARK [1][-]{section.2}{Early Childhood Education Experiences}{}% 2
\BOOKMARK [2][-]{subsection.2.1}{Types of Early Childhood Education in Italy}{section.2}% 3
\BOOKMARK [2][-]{subsection.2.2}{The Reggio Approach}{section.2}% 4
\BOOKMARK [2][-]{subsection.2.3}{Other Early Childhood Education Experiences}{section.2}% 5
\BOOKMARK [3][-]{subsubsection.2.3.1}{Parma Municipal Schools}{subsection.2.3}% 6
\BOOKMARK [3][-]{subsubsection.2.3.2}{Padova Municipal Schools}{subsection.2.3}% 7
\BOOKMARK [3][-]{subsubsection.2.3.3}{Catholic Schools}{subsection.2.3}% 8
\BOOKMARK [1][-]{section.3}{Data}{}% 9
\BOOKMARK [2][-]{subsection.3.1}{Characteristics of Reggio Emilia, Parma, and Padova}{section.3}% 10
\BOOKMARK [1][-]{section.4}{Basic Analysis}{}% 11
\BOOKMARK [2][-]{subsection.4.1}{Estimating Effects of Infant-Toddler Centers}{section.4}% 12
\BOOKMARK [2][-]{subsection.4.2}{Estimating Effects of Preschools}{section.4}% 13
\BOOKMARK [3][-]{subsubsection.4.2.1}{OLS}{subsection.4.2}% 14
\BOOKMARK [3][-]{subsubsection.4.2.2}{Difference-in-Difference}{subsection.4.2}% 15
\BOOKMARK [1][-]{section.5}{Empirical Results}{}% 16
\BOOKMARK [2][-]{subsection.5.1}{Infant-Toddler Centers \(Ages 0-3\)}{section.5}% 17
\BOOKMARK [2][-]{subsection.5.2}{Preschool \(Ages 3-6\)}{section.5}% 18
\BOOKMARK [1][-]{section.6}{Selection}{}% 19
\BOOKMARK [1][-]{section.7}{Appendix}{}% 20
