\BOOKMARK [1][-]{section.1}{Overview}{}% 1
\BOOKMARK [1][-]{section.2}{Education Variables}{}% 2
\BOOKMARK [2][-]{subsection.2.1}{Maximum Education}{section.2}% 3
\BOOKMARK [2][-]{subsection.2.2}{High School Grades}{section.2}% 4
\BOOKMARK [1][-]{section.3}{Cognitive Variables}{}% 5
\BOOKMARK [1][-]{section.4}{Income and Employment Variables}{}% 6
\BOOKMARK [2][-]{subsection.4.1}{Family Income}{section.4}% 7
\BOOKMARK [2][-]{subsection.4.2}{Caregiver's Occupation and Hours of Work}{section.4}% 8
\BOOKMARK [2][-]{subsection.4.3}{House Ownership}{section.4}% 9
\BOOKMARK [1][-]{section.5}{Non-cognitive Variables}{}% 10
\BOOKMARK [2][-]{subsection.5.1}{Depression score}{section.5}% 11
\BOOKMARK [2][-]{subsection.5.2}{Locus of Control}{section.5}% 12
\BOOKMARK [2][-]{subsection.5.3}{Optimistic outlook on life}{section.5}% 13
\BOOKMARK [2][-]{subsection.5.4}{SDQ Scores}{section.5}% 14
\BOOKMARK [3][-]{subsubsection.5.4.1}{SDQ Composite score}{subsection.5.4}% 15
\BOOKMARK [3][-]{subsubsection.5.4.2}{SDQ Emotional score}{subsection.5.4}% 16
\BOOKMARK [3][-]{subsubsection.5.4.3}{SDQ Conduct score}{subsection.5.4}% 17
\BOOKMARK [3][-]{subsubsection.5.4.4}{SDQ Hyper score}{subsection.5.4}% 18
\BOOKMARK [3][-]{subsubsection.5.4.5}{SDQ Peer problems score}{subsection.5.4}% 19
\BOOKMARK [3][-]{subsubsection.5.4.6}{SDQ Pro-social score}{subsection.5.4}% 20
\BOOKMARK [2][-]{subsection.5.5}{Satisfaction variables}{section.5}% 21
\BOOKMARK [2][-]{subsection.5.6}{Reciprocity variables}{section.5}% 22
\BOOKMARK [1][-]{section.6}{Health Variables}{}% 23
\BOOKMARK [2][-]{subsection.6.1}{Body Mass Index \(BMI\)}{section.6}% 24
\BOOKMARK [2][-]{subsection.6.2}{Subjective Health Measures}{section.6}% 25
\BOOKMARK [2][-]{subsection.6.3}{Risky Behaviors}{section.6}% 26
\BOOKMARK [1][-]{section.7}{Instruments}{}% 27
\BOOKMARK [2][-]{subsection.7.1}{Descriptive statistics}{section.7}% 28
\BOOKMARK [2][-]{subsection.7.2}{Missing observations}{section.7}% 29
